<?xml version="1.0" encoding="UTF-8"?>
<testsuite name="NeedForSpeedTest" tests="1" skipped="0" failures="0" errors="0" timestamp="2023-12-20T03:34:26" hostname="LEGION5" time="0.044">
  <properties/>
  <testcase name="The tryFinishCar method returns false when car cannot finish a race" classname="NeedForSpeedTest" time="0.044"/>
  <system-out><![CDATA[]]></system-out>
  <system-err><![CDATA[]]></system-err>
</testsuite>
