<?xml version="1.0" encoding="UTF-8"?>
<testsuite name="TwoferTest" tests="1" skipped="0" failures="0" errors="0" timestamp="2023-12-19T04:16:28" hostname="LEGION5" time="0.042">
  <properties/>
  <testcase name="anotherNameGiven" classname="TwoferTest" time="0.042"/>
  <system-out><![CDATA[]]></system-out>
  <system-err><![CDATA[]]></system-err>
</testsuite>
