<?xml version="1.0" encoding="UTF-8"?>
<testsuite name="ErrorHandlingTest" tests="1" skipped="0" failures="0" errors="0" timestamp="2023-12-19T15:17:38" hostname="LEGION5" time="0.073">
  <properties/>
  <testcase name="testReturnOptionalInstance" classname="ErrorHandlingTest" time="0.073"/>
  <system-out><![CDATA[]]></system-out>
  <system-err><![CDATA[]]></system-err>
</testsuite>
