<?xml version="1.0" encoding="UTF-8"?>
<testsuite name="ResistorColorTest" tests="4" skipped="1" failures="0" errors="0" timestamp="2023-12-19T05:04:39" hostname="LEGION5" time="0.051">
  <properties/>
  <testcase name="testWhiteColorCode" classname="ResistorColorTest" time="0.048"/>
  <testcase name="testColors" classname="ResistorColorTest" time="0.0">
    <skipped/>
  </testcase>
  <testcase name="testBlackColorCode" classname="ResistorColorTest" time="0.0"/>
  <testcase name="testOrangeColorCode" classname="ResistorColorTest" time="0.001"/>
  <system-out><![CDATA[]]></system-out>
  <system-err><![CDATA[]]></system-err>
</testsuite>
